Flow report for courseproject1
Wed Nov 04 18:05:44 2015
Quartus II 32-bit Version 11.1 Build 173 11/01/2011 SJ Web Edition


---------------------
; Table of Contents ;
---------------------
  1. Legal Notice
  2. Flow Summary
  3. Flow Settings
  4. Flow Non-Default Global Settings
  5. Flow Elapsed Time
  6. Flow OS Summary
  7. Flow Log



----------------
; Legal Notice ;
----------------
Copyright (C) 1991-2011 Altera Corporation
Your use of Altera Corporation's design tools, logic functions 
and other software and tools, and its AMPP partner logic 
functions, and any output files from any of the foregoing 
(including device programming or simulation files), and any 
associated documentation or information are expressly subject 
to the terms and conditions of the Altera Program License 
Subscription Agreement, Altera MegaCore Function License 
Agreement, or other applicable license agreement, including, 
without limitation, that your use is for the sole purpose of 
programming logic devices manufactured by Altera and sold by 
Altera or its authorized distributors.  Please refer to the 
applicable agreement for further details.



+-------------------------------------------------------------------------------+
; Flow Summary                                                                  ;
+------------------------------------+------------------------------------------+
; Flow Status                        ; Successful - Wed Nov 04 18:05:44 2015    ;
; Quartus II 32-bit Version          ; 11.1 Build 173 11/01/2011 SJ Web Edition ;
; Revision Name                      ; courseproject1                           ;
; Top-level Entity Name              ; controller                               ;
; Family                             ; Cyclone IV E                             ;
; Device                             ; EP4CE22F17C6                             ;
; Timing Models                      ; Final                                    ;
; Total logic elements               ; 1,426 / 22,320 ( 6 % )                   ;
;     Total combinational functions  ; 1,133 / 22,320 ( 5 % )                   ;
;     Dedicated logic registers      ; 839 / 22,320 ( 4 % )                     ;
; Total registers                    ; 839                                      ;
; Total pins                         ; 89 / 154 ( 58 % )                        ;
; Total virtual pins                 ; 0                                        ;
; Total memory bits                  ; 2,944 / 608,256 ( < 1 % )                ;
; Embedded Multiplier 9-bit elements ; 0 / 132 ( 0 % )                          ;
; Total PLLs                         ; 0 / 4 ( 0 % )                            ;
+------------------------------------+------------------------------------------+


+-----------------------------------------+
; Flow Settings                           ;
+-------------------+---------------------+
; Option            ; Setting             ;
+-------------------+---------------------+
; Start date & time ; 11/04/2015 18:04:25 ;
; Main task         ; Compilation         ;
; Revision Name     ; courseproject1      ;
+-------------------+---------------------+


+-------------------------------------------------------------------------------------------------------------------------------------------------------------------------------------------------------+
; Flow Non-Default Global Settings                                                                                                                                                                      ;
+-------------------------------------+---------------------------------------------------------------------------------------------------------------+----------------+-------------+------------------+
; Assignment Name                     ; Value                                                                                                         ; Default Value  ; Entity Name ; Section Id       ;
+-------------------------------------+---------------------------------------------------------------------------------------------------------------+----------------+-------------+------------------+
; COMPILER_SIGNATURE_ID               ; 13764775414927.144664046505544                                                                                ; --             ; --          ; --               ;
; EDA_OUTPUT_DATA_FORMAT              ; Vhdl                                                                                                          ; --             ; --          ; eda_simulation   ;
; EDA_SIMULATION_TOOL                 ; ModelSim-Altera (VHDL)                                                                                        ; <None>         ; --          ; --               ;
; EDA_TIME_SCALE                      ; 1 ps                                                                                                          ; --             ; --          ; eda_simulation   ;
; ENABLE_SIGNALTAP                    ; On                                                                                                            ; --             ; --          ; --               ;
; MAX_CORE_JUNCTION_TEMP              ; 85                                                                                                            ; --             ; --          ; --               ;
; MIN_CORE_JUNCTION_TEMP              ; 0                                                                                                             ; --             ; --          ; --               ;
; PARTITION_COLOR                     ; 16764057                                                                                                      ; --             ; controller  ; Top              ;
; PARTITION_FITTER_PRESERVATION_LEVEL ; PLACEMENT_AND_ROUTING                                                                                         ; --             ; controller  ; Top              ;
; PARTITION_NETLIST_TYPE              ; SOURCE                                                                                                        ; --             ; controller  ; Top              ;
; POWER_PRESET_COOLING_SOLUTION       ; No Heat Sink With Still Air                                                                                   ; --             ; --          ; --               ;
; SLD_NODE_CREATOR_ID                 ; 110                                                                                                           ; --             ; --          ; auto_signaltap_0 ;
; SLD_NODE_ENTITY_NAME                ; sld_signaltap                                                                                                 ; --             ; --          ; auto_signaltap_0 ;
; SLD_NODE_PARAMETER_ASSIGNMENT       ; SLD_NODE_INFO=805334528                                                                                       ; --             ; --          ; auto_signaltap_0 ;
; SLD_NODE_PARAMETER_ASSIGNMENT       ; SLD_POWER_UP_TRIGGER=0                                                                                        ; --             ; --          ; auto_signaltap_0 ;
; SLD_NODE_PARAMETER_ASSIGNMENT       ; SLD_STORAGE_QUALIFIER_INVERSION_MASK_LENGTH=0                                                                 ; --             ; --          ; auto_signaltap_0 ;
; SLD_NODE_PARAMETER_ASSIGNMENT       ; SLD_SEGMENT_SIZE=128                                                                                          ; --             ; --          ; auto_signaltap_0 ;
; SLD_NODE_PARAMETER_ASSIGNMENT       ; SLD_ATTRIBUTE_MEM_MODE=OFF                                                                                    ; --             ; --          ; auto_signaltap_0 ;
; SLD_NODE_PARAMETER_ASSIGNMENT       ; SLD_STATE_FLOW_USE_GENERATED=0                                                                                ; --             ; --          ; auto_signaltap_0 ;
; SLD_NODE_PARAMETER_ASSIGNMENT       ; SLD_STATE_BITS=11                                                                                             ; --             ; --          ; auto_signaltap_0 ;
; SLD_NODE_PARAMETER_ASSIGNMENT       ; SLD_BUFFER_FULL_STOP=1                                                                                        ; --             ; --          ; auto_signaltap_0 ;
; SLD_NODE_PARAMETER_ASSIGNMENT       ; SLD_CURRENT_RESOURCE_WIDTH=1                                                                                  ; --             ; --          ; auto_signaltap_0 ;
; SLD_NODE_PARAMETER_ASSIGNMENT       ; SLD_TRIGGER_LEVEL=1                                                                                           ; --             ; --          ; auto_signaltap_0 ;
; SLD_NODE_PARAMETER_ASSIGNMENT       ; SLD_SAMPLE_DEPTH=128                                                                                          ; --             ; --          ; auto_signaltap_0 ;
; SLD_NODE_PARAMETER_ASSIGNMENT       ; SLD_TRIGGER_IN_ENABLED=0                                                                                      ; --             ; --          ; auto_signaltap_0 ;
; SLD_NODE_PARAMETER_ASSIGNMENT       ; SLD_ADVANCED_TRIGGER_ENTITY=basic,1,                                                                          ; --             ; --          ; auto_signaltap_0 ;
; SLD_NODE_PARAMETER_ASSIGNMENT       ; SLD_TRIGGER_LEVEL_PIPELINE=1                                                                                  ; --             ; --          ; auto_signaltap_0 ;
; SLD_NODE_PARAMETER_ASSIGNMENT       ; SLD_ENABLE_ADVANCED_TRIGGER=0                                                                                 ; --             ; --          ; auto_signaltap_0 ;
; SLD_NODE_PARAMETER_ASSIGNMENT       ; SLD_DATA_BITS=23                                                                                              ; --             ; --          ; auto_signaltap_0 ;
; SLD_NODE_PARAMETER_ASSIGNMENT       ; SLD_TRIGGER_BITS=23                                                                                           ; --             ; --          ; auto_signaltap_0 ;
; SLD_NODE_PARAMETER_ASSIGNMENT       ; SLD_INVERSION_MASK=000000000000000000000000000000000000000000000000000000000000000000000000000000000000000000 ; --             ; --          ; auto_signaltap_0 ;
; SLD_NODE_PARAMETER_ASSIGNMENT       ; SLD_INVERSION_MASK_LENGTH=90                                                                                  ; --             ; --          ; auto_signaltap_0 ;
; SLD_NODE_PARAMETER_ASSIGNMENT       ; SLD_NODE_CRC_LOWORD=43544                                                                                     ; --             ; --          ; auto_signaltap_0 ;
; SLD_NODE_PARAMETER_ASSIGNMENT       ; SLD_NODE_CRC_HIWORD=18751                                                                                     ; --             ; --          ; auto_signaltap_0 ;
; TIMEQUEST_MULTICORNER_ANALYSIS      ; Off                                                                                                           ; On             ; --          ; --               ;
; TOP_LEVEL_ENTITY                    ; controller                                                                                                    ; courseproject1 ; --          ; --               ;
; USE_SIGNALTAP_FILE                  ; stp2.stp                                                                                                      ; --             ; --          ; --               ;
+-------------------------------------+---------------------------------------------------------------------------------------------------------------+----------------+-------------+------------------+


+-------------------------------------------------------------------------------------------------------------------------------+
; Flow Elapsed Time                                                                                                             ;
+---------------------------+--------------+-------------------------+---------------------+------------------------------------+
; Module Name               ; Elapsed Time ; Average Processors Used ; Peak Virtual Memory ; Total CPU Time (on all processors) ;
+---------------------------+--------------+-------------------------+---------------------+------------------------------------+
; Analysis & Synthesis      ; 00:00:33     ; 1.0                     ; 362 MB              ; 00:00:33                           ;
; Fitter                    ; 00:00:27     ; 1.0                     ; 434 MB              ; 00:00:26                           ;
; Assembler                 ; 00:00:04     ; 1.0                     ; 336 MB              ; 00:00:05                           ;
; TimeQuest Timing Analyzer ; 00:00:05     ; 1.0                     ; 315 MB              ; 00:00:04                           ;
; EDA Netlist Writer        ; 00:00:05     ; 1.0                     ; 279 MB              ; 00:00:05                           ;
; Total                     ; 00:01:14     ; --                      ; --                  ; 00:01:13                           ;
+---------------------------+--------------+-------------------------+---------------------+------------------------------------+


+----------------------------------------------------------------------------------------+
; Flow OS Summary                                                                        ;
+---------------------------+------------------+-----------+------------+----------------+
; Module Name               ; Machine Hostname ; OS Name   ; OS Version ; Processor type ;
+---------------------------+------------------+-----------+------------+----------------+
; Analysis & Synthesis      ; Kalpesh          ; Windows 7 ; 6.2        ; x86_64         ;
; Fitter                    ; Kalpesh          ; Windows 7 ; 6.2        ; x86_64         ;
; Assembler                 ; Kalpesh          ; Windows 7 ; 6.2        ; x86_64         ;
; TimeQuest Timing Analyzer ; Kalpesh          ; Windows 7 ; 6.2        ; x86_64         ;
; EDA Netlist Writer        ; Kalpesh          ; Windows 7 ; 6.2        ; x86_64         ;
+---------------------------+------------------+-----------+------------+----------------+


------------
; Flow Log ;
------------
quartus_map --read_settings_files=on --write_settings_files=off courseproject1 -c courseproject1
quartus_fit --read_settings_files=off --write_settings_files=off courseproject1 -c courseproject1
quartus_asm --read_settings_files=off --write_settings_files=off courseproject1 -c courseproject1
quartus_sta courseproject1 -c courseproject1
quartus_eda --read_settings_files=off --write_settings_files=off courseproject1 -c courseproject1



